<?xml version="1.0" encoding="UTF-8"?>
<!-- Generated by org.testng.reporters.JUnitReportReporter -->
<testsuite hostname="DESKTOP-1RC6DB7" failures="0" tests="3" name="Test_NG_programmes.A1" time="0.016" errors="0" timestamp="2022-11-05T11:44:59 IST" skipped="0">
  <testcase classname="Test_NG_programmes.A1" name="TC2" time="0.003"/>
  <system-out>
    <![CDATA[running tc2]]>
  </system-out>
  <testcase classname="Test_NG_programmes.A1" name="TC1" time="0.003"/>
  <system-out>
    <![CDATA[running tc1]]>
  </system-out>
  <testcase classname="Test_NG_programmes.A1" name="TC3" time="0.010"/>
  <system-out>
    <![CDATA[running tc3]]>
  </system-out>
</testsuite> <!-- Test_NG_programmes.A1 -->
