<?xml version="1.0" encoding="UTF-8"?>
<!-- Generated by org.testng.reporters.JUnitReportReporter -->
<testsuite hostname="DESKTOP-1RC6DB7" failures="0" tests="1" name="Test_NG_programmes.Parallel2" time="41.261" errors="0" timestamp="2022-11-05T18:17:05 IST" skipped="0">
  <testcase classname="Test_NG_programmes.Parallel2" name="TC1" time="41.261"/>
  <system-out/>
</testsuite> <!-- Test_NG_programmes.Parallel2 -->
