<?xml version="1.0" encoding="UTF-8"?>
<!-- Generated by org.testng.reporters.JUnitReportReporter -->
<testsuite hostname="DESKTOP-1RC6DB7" failures="0" tests="1" name="Test_NG_programmes.Assert_True" time="0.081" errors="0" timestamp="2023-01-07T09:17:39 IST" skipped="0">
  <testcase classname="Test_NG_programmes.Assert_True" name="TC2" time="0.081"/>
  <system-out>
    <![CDATA[running tc2]]>
  </system-out>
</testsuite> <!-- Test_NG_programmes.Assert_True -->
