<?xml version="1.0" encoding="UTF-8"?>
<!-- Generated by org.testng.reporters.JUnitReportReporter -->
<testsuite hostname="DESKTOP-1RC6DB7" failures="0" tests="3" name="Test_NG_programmes.A3" time="0.032" errors="0" timestamp="2023-01-02T00:24:31 IST" skipped="0">
  <testcase classname="Test_NG_programmes.A3" name="TC8" time="0.003"/>
  <system-out>
    <![CDATA[running tc8]]>
  </system-out>
  <testcase classname="Test_NG_programmes.A3" name="TC9" time="0.005"/>
  <system-out>
    <![CDATA[running tc9]]>
  </system-out>
  <testcase classname="Test_NG_programmes.A3" name="TC7" time="0.024"/>
  <system-out>
    <![CDATA[running tc7]]>
  </system-out>
</testsuite> <!-- Test_NG_programmes.A3 -->
