<?xml version="1.0" encoding="UTF-8"?>
<!-- Generated by org.testng.reporters.JUnitReportReporter -->
<testsuite hostname="DESKTOP-1RC6DB7" failures="0" tests="1" name="MultiBrowser_Testing.A" time="23.761" errors="0" timestamp="2022-11-05T12:35:48 IST" skipped="0">
  <testcase classname="MultiBrowser_Testing.A" name="TC" time="23.761"/>
  <system-out/>
</testsuite> <!-- MultiBrowser_Testing.A -->
