<?xml version="1.0" encoding="UTF-8"?>
<!-- Generated by org.testng.reporters.JUnitReportReporter -->
<testsuite hostname="DESKTOP-1RC6DB7" failures="0" tests="2" name="Test_NG_programmes.Enabled" time="0.025" errors="0" timestamp="2022-11-04T22:57:19 IST" skipped="1">
  <testcase classname="Test_NG_programmes.Enabled" name="TC2" time="0.025"/>
  <system-out>
    <![CDATA[running tc2]]>
  </system-out>
  <testcase classname="Test_NG_programmes.Enabled" name="TC1">
    <skipped/>
  </testcase> <!-- TC1 -->
  <system-out/>
</testsuite> <!-- Test_NG_programmes.Enabled -->
