<?xml version="1.0" encoding="UTF-8"?>
<!-- Generated by org.testng.reporters.JUnitReportReporter -->
<testsuite hostname="DESKTOP-1RC6DB7" failures="0" tests="3" name="Test_NG_programmes.A2" time="0.007" errors="0" timestamp="2022-11-05T11:44:59 IST" skipped="0">
  <testcase classname="Test_NG_programmes.A2" name="TC4" time="0.002"/>
  <system-out>
    <![CDATA[running tc4]]>
  </system-out>
  <testcase classname="Test_NG_programmes.A2" name="TC5" time="0.002"/>
  <system-out>
    <![CDATA[running tc5]]>
  </system-out>
  <testcase classname="Test_NG_programmes.A2" name="TC6" time="0.003"/>
  <system-out>
    <![CDATA[running tc6]]>
  </system-out>
</testsuite> <!-- Test_NG_programmes.A2 -->
