<?xml version="1.0" encoding="UTF-8"?>
<!-- Generated by org.testng.reporters.JUnitReportReporter -->
<testsuite hostname="DESKTOP-1RC6DB7" failures="0" tests="3" name="Test_NG_programmes.Priority" time="0.049" errors="0" timestamp="2022-11-04T22:52:09 IST" skipped="0">
  <testcase classname="Test_NG_programmes.Priority" name="TC3" time="0.035"/>
  <system-out>
    <![CDATA[running tc3]]>
  </system-out>
  <testcase classname="Test_NG_programmes.Priority" name="TC1" time="0.007"/>
  <system-out>
    <![CDATA[running tc1]]>
  </system-out>
  <testcase classname="Test_NG_programmes.Priority" name="TC2" time="0.007"/>
  <system-out>
    <![CDATA[running tc2]]>
  </system-out>
</testsuite> <!-- Test_NG_programmes.Priority -->
