<?xml version="1.0" encoding="UTF-8"?>
<!-- Generated by org.testng.reporters.JUnitReportReporter -->
<testsuite hostname="DESKTOP-1RC6DB7" failures="0" tests="10" name="Test_NG_programmes.invocation_count" time="0.084" errors="0" timestamp="2022-11-04T22:45:52 IST" skipped="0">
  <testcase classname="Test_NG_programmes.invocation_count" name="TC1" time="0.007"/>
  <system-out>
    <![CDATA[running tc1]]>
  </system-out>
  <testcase classname="Test_NG_programmes.invocation_count" name="TC1" time="0.022"/>
  <system-out>
    <![CDATA[running tc1]]>
  </system-out>
  <testcase classname="Test_NG_programmes.invocation_count" name="TC1" time="0.008"/>
  <system-out>
    <![CDATA[running tc1]]>
  </system-out>
  <testcase classname="Test_NG_programmes.invocation_count" name="TC1" time="0.003"/>
  <system-out>
    <![CDATA[running tc1]]>
  </system-out>
  <testcase classname="Test_NG_programmes.invocation_count" name="TC1" time="0.005"/>
  <system-out>
    <![CDATA[running tc1]]>
  </system-out>
  <testcase classname="Test_NG_programmes.invocation_count" name="TC1" time="0.003"/>
  <system-out>
    <![CDATA[running tc1]]>
  </system-out>
  <testcase classname="Test_NG_programmes.invocation_count" name="TC1" time="0.021"/>
  <system-out>
    <![CDATA[running tc1]]>
  </system-out>
  <testcase classname="Test_NG_programmes.invocation_count" name="TC1" time="0.004"/>
  <system-out>
    <![CDATA[running tc1]]>
  </system-out>
  <testcase classname="Test_NG_programmes.invocation_count" name="TC1" time="0.004"/>
  <system-out>
    <![CDATA[running tc1]]>
  </system-out>
  <testcase classname="Test_NG_programmes.invocation_count" name="TC1" time="0.007"/>
  <system-out>
    <![CDATA[running tc1]]>
  </system-out>
</testsuite> <!-- Test_NG_programmes.invocation_count -->
