<?xml version="1.0" encoding="UTF-8"?>
<!-- Generated by org.testng.reporters.JUnitReportReporter -->
<testsuite hostname="DESKTOP-1RC6DB7" failures="0" tests="1" name="Test_NG_programmes.A3" time="0.020" errors="0" timestamp="2022-11-05T11:44:59 IST" skipped="0">
  <testcase classname="Test_NG_programmes.A3" name="TC9" time="0.020"/>
  <system-out>
    <![CDATA[running tc9]]>
  </system-out>
</testsuite> <!-- Test_NG_programmes.A3 -->
