<?xml version="1.0" encoding="UTF-8"?>
<!-- Generated by org.testng.reporters.JUnitReportReporter -->
<testsuite hostname="DESKTOP-1RC6DB7" failures="0" tests="1" name="Test_NG_programmes.Test_ng_class" time="0.022" errors="0" timestamp="2022-11-01T13:04:06 IST" skipped="0">
  <testcase classname="Test_NG_programmes.Test_ng_class" name="m1" time="0.022"/>
  <system-out>
    <![CDATA[Hii]]>
  </system-out>
</testsuite> <!-- Test_NG_programmes.Test_ng_class -->
