<?xml version="1.0" encoding="UTF-8"?>
<!-- Generated by org.testng.reporters.JUnitReportReporter -->
<testsuite hostname="DESKTOP-1RC6DB7" failures="0" tests="2" name="MultiBrowser_Testing.B" time="195.080" errors="0" timestamp="2022-11-08T09:21:38 IST" skipped="0">
  <testcase classname="MultiBrowser_Testing.B" name="TC" time="131.446"/>
  <system-out/>
  <testcase classname="MultiBrowser_Testing.B" name="TC" time="63.634"/>
  <system-out/>
</testsuite> <!-- MultiBrowser_Testing.B -->
