<?xml version="1.0" encoding="UTF-8"?>
<!-- Generated by org.testng.reporters.JUnitReportReporter -->
<testsuite hostname="DESKTOP-1RC6DB7" failures="0" tests="1" name="POM_with_pagefactory_using_testng.Test" time="11.256" errors="0" timestamp="2023-01-07T18:06:14 IST" skipped="0">
  <testcase classname="POM_with_pagefactory_using_testng.Test" name="verifyText" time="11.256"/>
  <system-out>
    <![CDATA[running verify text]]>
  </system-out>
</testsuite> <!-- POM_with_pagefactory_using_testng.Test -->
