<?xml version="1.0" encoding="UTF-8"?>
<!-- Generated by org.testng.reporters.JUnitReportReporter -->
<testsuite hostname="DESKTOP-1RC6DB7" failures="0" tests="1" name="Test_NG_programmes.Assert_equals" time="0.025" errors="0" timestamp="2022-11-04T23:07:08 IST" skipped="0">
  <testcase classname="Test_NG_programmes.Assert_equals" name="TC1" time="0.025"/>
  <system-out>
    <![CDATA[running tc1]]>
  </system-out>
</testsuite> <!-- Test_NG_programmes.Assert_equals -->
