<?xml version="1.0" encoding="UTF-8"?>
<!-- Generated by org.testng.reporters.JUnitReportReporter -->
<testsuite hostname="DESKTOP-1RC6DB7" failures="0" tests="1" name="Test_NG_programmes.Annotations" time="0.025" errors="0" timestamp="2022-11-03T19:40:45 IST" skipped="0">
  <testcase classname="Test_NG_programmes.Annotations" name="verifyID" time="0.025"/>
  <system-out>
    <![CDATA[verify user ID]]>
  </system-out>
</testsuite> <!-- Test_NG_programmes.Annotations -->
