<?xml version="1.0" encoding="UTF-8"?>
<!-- Generated by org.testng.reporters.JUnitReportReporter -->
<testsuite hostname="DESKTOP-1RC6DB7" failures="0" tests="1" name="Test_NG_programmes.Parallel3" time="75.255" errors="0" timestamp="2023-01-03T15:06:04 IST" skipped="0">
  <testcase classname="Test_NG_programmes.Parallel3" name="TC1" time="75.255"/>
  <system-out/>
</testsuite> <!-- Test_NG_programmes.Parallel3 -->
